<?xml version="1.0" encoding="UTF-8"?>
<!-- Generated by org.testng.reporters.JUnitReportReporter -->
<testsuite hostname="rbs-HP-ProBook-450-G1" name="sanaabbastest.SanaAbbasTestSuite" tests="1" failures="0" timestamp="24 Nov 2016 10:44:40 GMT" time="30.716" errors="0">
  <testcase name="SanaAbbasTest" time="30.716" classname="sanaabbastest.SanaAbbasTestSuite"/>
</testsuite> <!-- sanaabbastest.SanaAbbasTestSuite -->
