<?xml version="1.0" encoding="UTF-8"?>
<!-- Generated by org.testng.reporters.JUnitReportReporter -->
<testsuite hostname="rbs-HP-ProBook-450-G1" name="sanaabbastest.SanaAbbasTestSuite" tests="1" failures="0" timestamp="24 Nov 2016 11:54:19 GMT" time="11.793" errors="0">
  <testcase name="SanaAbbasTest" time="11.793" classname="sanaabbastest.SanaAbbasTestSuite"/>
</testsuite> <!-- sanaabbastest.SanaAbbasTestSuite -->
